#
# A fatal error has been detected by the Java Runtime Environment:
#
#  SIGSEGV (0xb) at pc=0x0000000126595381, pid=54137, tid=1811
#
# JRE version: Java(TM) SE Runtime Environment (8.0_31-b13) (build 1.8.0_31-b13)
# Java VM: Java HotSpot(TM) 64-Bit Server VM (25.31-b07 mixed mode bsd-amd64 compressed oops)
# Problematic frame:
# C  [libglass.dylib+0x16381]  GlassScreenDidChangeScreenParameters+0x21
#
# Failed to write core dump. Core dumps have been disabled. To enable core dumping, try "ulimit -c unlimited" before starting Java again
#
# If you would like to submit a bug report, please visit:
#   http://bugreport.java.com/bugreport/crash.jsp
#

---------------  T H R E A D  ---------------

Current thread is native thread

siginfo: si_signo: 11 (SIGSEGV), si_code: 1 (SEGV_MAPERR), si_addr: 0x0000000000000000

Registers:
RAX=0x00000001265c7d48, RBX=0x0000000000000000, RCX=0x9100dbb617ff8b76, RDX=0x00007fff7a7371f8
RSP=0x00007fff5351c030, RBP=0x00007fff5351c040, RSI=0x00007fe1894030e8, RDI=0x0000000000000000
R8 =0x00007fff5351bee0, R9 =0x00007fff7b630300, R10=0x0000000000000000, R11=0x0000000000000246
R12=0x00007fe18970b590, R13=0x00000000000f4268, R14=0x00007fe189764dd0, R15=0x00007fff5351c180
RIP=0x0000000126595381, EFLAGS=0x0000000000010246, ERR=0x0000000000000004
  TRAPNO=0x000000000000000e

Top of Stack: (sp=0x00007fff5351c030)
0x00007fff5351c030:   00007fff5351c210 00007fe189764dd0
0x00007fff5351c040:   00007fff5351c050 00007fff9362ecbc
0x00007fff5351c050:   00007fff5351c3b0 00007fff935201b4
0x00007fff5351c060:   00007fe100200000 0000000000001400
0x00007fff5351c070:   00007fe189500000 00007fe1895fc080
0x00007fff5351c080:   0000000000001002 0000000000000288
0x00007fff5351c090:   0000000000000005 00007fe189764dd0
0x00007fff5351c0a0:   0000000000000000 00007fff5351c180
0x00007fff5351c0b0:   0000000000000000 00007fe189764d90
0x00007fff5351c0c0:   00007fff5351c200 000000000000001b
0x00007fff5351c0d0:   00000000000f4286 00007fe18948c4a0
0x00007fff5351c0e0:   00007fe189731070 00007fe18970b590
0x00007fff5351c0f0:   0000000000000001 00000000000f4268
0x00007fff5351c100:   00007fe18970b580 00007fff91526acb
0x00007fff5351c110:   0000000000000001 0000000000000001
0x00007fff5351c120:   0000000000000030 0000000000000001
0x00007fff5351c130:   00007fff5351c150 00007fff9152c231
0x00007fff5351c140:   00007fff7aa80dd0 0000000000000000
0x00007fff5351c150:   00007fff5351c170 0000000000000005
0x00007fff5351c160:   000031039152653e 00007fe18970b5b4
0x00007fff5351c170:   0000000000000000 00007fff93515c8f
0x00007fff5351c180:   00007fe189764dd0 00007fff7aa80dd0
0x00007fff5351c190:   00007fff5351c210 00007fff9351e7bf
0x00007fff5351c1a0:   00007fff5351c214 0000000000132901
0x00007fff5351c1b0:   000000010c6fea00 0000000000000002
0x00007fff5351c1c0:   000000010c6fb000 00007fe189427ab2
0x00007fff5351c1d0:   0000000000000003 000000010c6ffe00
0x00007fff5351c1e0:   00007fff5351c2d0 00007fff915252a2
0x00007fff5351c1f0:   00007fe18953ce60 00007fff5351c3b8
0x00007fff5351c200:   0000000000000017 0000000000000000
0x00007fff5351c210:   00000000000f4268 00007fff93515f83
0x00007fff5351c220:   00007fff00000000 00007fe189735630 

Instructions: (pc=0x0000000126595381)
0x0000000126595361:   48 89 e5 41 56 53 48 8d 05 d2 2a 03 00 48 83 38
0x0000000126595371:   00 48 89 fb 75 72 48 8d 05 ca 29 03 00 48 8b 30
0x0000000126595381:   48 8b 03 48 8d 15 7c 99 01 00 48 8d 0d 5e 6f 01
0x0000000126595391:   00 48 89 df ff 90 88 03 00 00 48 8d 0d 9e 2a 03 

Register to memory mapping:

RAX=0x00000001265c7d48: jScreenClass+0 in /Library/Java/JavaVirtualMachines/jdk1.8.0_31.jdk/Contents/Home/jre/lib/libglass.dylib at 0x000000012657f000
RBX=0x0000000000000000 is an unknown value
RCX=0x9100dbb617ff8b76 is an unknown value
RDX=0x00007fff7a7371f8: __sFX+0x1c8 in /usr/lib/system/libsystem_c.dylib at 0x00007fff92411000
RSP=0x00007fff5351c030 is an unknown value
RBP=0x00007fff5351c040 is an unknown value
RSI=0x00007fe1894030e8 is a global jni handle
RDI=0x0000000000000000 is an unknown value
R8 =0x00007fff5351bee0 is an unknown value
R9 =0x00007fff7b630300: _thread+0 in /usr/lib/system/libsystem_pthread.dylib at 0x00007fff985be000
R10=0x0000000000000000 is an unknown value
R11=0x0000000000000246 is an unknown value
R12=0x00007fe18970b590 is an unknown value
R13=0x00000000000f4268 is an unknown value
R14=0x00007fe189764dd0 is an unknown value
R15=0x00007fff5351c180 is an unknown value


Stack: [0x00007fff52d1f000,0x00007fff5351f000],  sp=0x00007fff5351c030,  free space=8180k
Native frames: (J=compiled Java code, j=interpreted, Vv=VM code, C=native code)
C  [libglass.dylib+0x16381]  GlassScreenDidChangeScreenParameters+0x21
C  [CoreFoundation+0x11ecbc]  __CFNOTIFICATIONCENTER_IS_CALLING_OUT_TO_AN_OBSERVER__+0xc
C  [CoreFoundation+0x101b4]  _CFXNotificationPost+0xc44
C  [Foundation+0x2ea1]  -[NSNotificationCenter postNotificationName:object:userInfo:]+0x42
C  [AppKit+0x362f3e]  -[NSApplication _reactToScreenInvalidationImmediately:]+0x17b
C  [AppKit+0x362d7d]  __44-[NSApplication _reactToScreenInvalidation:]_block_invoke+0x4b
C  [CoreFoundation+0x8054c]  __CFRUNLOOP_IS_CALLING_OUT_TO_A_BLOCK__+0xc
C  [CoreFoundation+0x72655]  __CFRunLoopDoBlocks+0x155
C  [CoreFoundation+0x72196]  __CFRunLoopRun+0x716
C  [CoreFoundation+0x71838]  CFRunLoopRunSpecific+0x128
C  [java+0x56cc]  CreateExecutionEnvironment+0x367
C  [java+0x165c]  JLI_Launch+0x7a0
C  [java+0x768a]  main+0x65
C  [java+0xeb4]  start+0x34


---------------  P R O C E S S  ---------------

VM state:at safepoint (normal execution)

VM Mutex/Monitor currently owned by a thread:  ([mutex/lock_event])
[0x00007fe189602910] Threads_lock - owner thread: 0x00007fe189823000

Heap:
 PSYoungGen      total 38400K, used 11833K [0x0000000795580000, 0x0000000798000000, 0x00000007c0000000)
  eden space 33280K, 35% used [0x0000000795580000,0x000000079610e568,0x0000000797600000)
  from space 5120K, 0% used [0x0000000797b00000,0x0000000797b00000,0x0000000798000000)
  to   space 5120K, 0% used [0x0000000797600000,0x0000000797600000,0x0000000797b00000)
 ParOldGen       total 87552K, used 0K [0x0000000740000000, 0x0000000745580000, 0x0000000795580000)
  object space 87552K, 0% used [0x0000000740000000,0x0000000740000000,0x0000000745580000)
 Metaspace       used 6741K, capacity 7036K, committed 7168K, reserved 1056768K
  class space    used 831K, capacity 907K, committed 1024K, reserved 1048576K

Card table byte_map: [0x000000011d5c0000,0x000000011d9c1000] byte_map_base: 0x0000000119bc0000

Marking Bits: (ParMarkBitMap*) 0x000000010d0af410
 Begin Bits: [0x000000011df75000, 0x000000011ff75000)
 End Bits:   [0x000000011ff75000, 0x0000000121f75000)

Polling page: 0x000000010d88c000

CodeCache: size=245760Kb used=1961Kb max_used=1961Kb free=243798Kb
 bounds [0x000000010e200000, 0x000000010e470000, 0x000000011d200000]
 total_blobs=815 nmethods=433 adapters=297
 compilation: enabled

Compilation events (10 events):
Event: 0.703 Thread 0x00007fe189866000  429       3       java.io.DataInputStream::readInt (72 bytes)
Event: 0.704 Thread 0x00007fe189866000 nmethod 429 0x000000010e3e6fd0 code [0x000000010e3e7180, 0x000000010e3e76e8]
Event: 0.705 Thread 0x00007fe189865000 nmethod 428 0x000000010e3e5410 code [0x000000010e3e5560, 0x000000010e3e5988]
Event: 0.705 Thread 0x00007fe189866000  431       3       java.util.StringTokenizer::scanToken (179 bytes)
Event: 0.707 Thread 0x00007fe189866000 nmethod 431 0x000000010e3e9a90 code [0x000000010e3e9d20, 0x000000010e3eafd8]
Event: 0.707 Thread 0x00007fe189866000  430       3       java.util.StringTokenizer::skipDelimiters (116 bytes)
Event: 0.710 Thread 0x00007fe189866000 nmethod 430 0x000000010e3e8890 code [0x000000010e3e8aa0, 0x000000010e3e9618]
Event: 0.710 Thread 0x00007fe189866000  434       1       java.util.HashMap::afterNodeInsertion (1 bytes)
Event: 0.710 Thread 0x00007fe189866000 nmethod 434 0x000000010e3e85d0 code [0x000000010e3e8720, 0x000000010e3e8830]
Event: 0.711 Thread 0x00007fe189866000  433   !   3       java.util.zip.ZipFile::getEntry (86 bytes)

GC Heap History (0 events):
No events

Deoptimization events (0 events):
No events

Internal exceptions (10 events):
Event: 0.650 Thread 0x00007fe18b167000 Exception <a 'java/security/PrivilegedActionException'> (0x00000007960031a8) thrown at [/Users/java_re/workspace/8-2-build-macosx-x86_64/jdk8u31/2394/hotspot/src/share/vm/prims/jvm.cpp, line 1312]
Event: 0.650 Thread 0x00007fe18b167000 Exception <a 'java/security/PrivilegedActionException'> (0x00000007960084e0) thrown at [/Users/java_re/workspace/8-2-build-macosx-x86_64/jdk8u31/2394/hotspot/src/share/vm/prims/jvm.cpp, line 1312]
Event: 0.650 Thread 0x00007fe18b167000 Exception <a 'java/lang/NoSuchMethodError': project.domain.players.Dealer.<init>(ILproject/domain/PlayStyle;)V> (0x000000079600c860) thrown at [/Users/java_re/workspace/8-2-build-macosx-x86_64/jdk8u31/2394/hotspot/src/share/vm/interpreter/linkResolver.cpp
Event: 0.664 Thread 0x00007fe18b003000 Exception <a 'java/lang/reflect/InvocationTargetException'> (0x0000000795b58488) thrown at [/Users/java_re/workspace/8-2-build-macosx-x86_64/jdk8u31/2394/hotspot/src/share/vm/runtime/reflection.cpp, line 1080]
Event: 0.693 Thread 0x00007fe18b003000 Exception <a 'java/security/PrivilegedActionException'> (0x0000000796080e38) thrown at [/Users/java_re/workspace/8-2-build-macosx-x86_64/jdk8u31/2394/hotspot/src/share/vm/prims/jvm.cpp, line 1312]
Event: 0.693 Thread 0x00007fe18b003000 Exception <a 'java/security/PrivilegedActionException'> (0x0000000796081718) thrown at [/Users/java_re/workspace/8-2-build-macosx-x86_64/jdk8u31/2394/hotspot/src/share/vm/prims/jvm.cpp, line 1312]
Event: 0.706 Thread 0x00007fe18b003000 Exception <a 'java/security/PrivilegedActionException'> (0x00000007960934a8) thrown at [/Users/java_re/workspace/8-2-build-macosx-x86_64/jdk8u31/2394/hotspot/src/share/vm/prims/jvm.cpp, line 1312]
Event: 0.707 Thread 0x00007fe18b003000 Exception <a 'java/security/PrivilegedActionException'> (0x0000000796093d88) thrown at [/Users/java_re/workspace/8-2-build-macosx-x86_64/jdk8u31/2394/hotspot/src/share/vm/prims/jvm.cpp, line 1312]
Event: 0.707 Thread 0x00007fe18b003000 Exception <a 'java/security/PrivilegedActionException'> (0x0000000796095980) thrown at [/Users/java_re/workspace/8-2-build-macosx-x86_64/jdk8u31/2394/hotspot/src/share/vm/prims/jvm.cpp, line 1312]
Event: 0.707 Thread 0x00007fe18b003000 Exception <a 'java/security/PrivilegedActionException'> (0x0000000796096280) thrown at [/Users/java_re/workspace/8-2-build-macosx-x86_64/jdk8u31/2394/hotspot/src/share/vm/prims/jvm.cpp, line 1312]

Events (10 events):
Event: 0.710 loading class java/util/Formatter$Conversion
Event: 0.710 loading class java/util/Formatter$Conversion done
Event: 0.710 loading class java/util/Formattable
Event: 0.710 loading class java/util/Formattable done
Event: 0.711 loading class java/util/IdentityHashMap$KeyIterator
Event: 0.711 loading class java/util/IdentityHashMap$IdentityHashMapIterator
Event: 0.711 loading class java/util/IdentityHashMap$IdentityHashMapIterator done
Event: 0.711 loading class java/util/IdentityHashMap$KeyIterator done
Event: 0.712 Thread 0x00007fe18b01e000 Thread exited: 0x00007fe18b01e000
Event: 0.712 Executing VM operation: Exit


Dynamic libraries:
0x000000000933a000 	/System/Library/Frameworks/Cocoa.framework/Versions/A/Cocoa
0x000000000933a000 	/System/Library/Frameworks/Security.framework/Versions/A/Security
0x000000000933a000 	/System/Library/Frameworks/ApplicationServices.framework/Versions/A/ApplicationServices
0x000000000933a000 	/usr/lib/libz.1.dylib
0x000000000933a000 	/usr/lib/libSystem.B.dylib
0x000000000933a000 	/usr/lib/libobjc.A.dylib
0x000000000933a000 	/System/Library/Frameworks/CoreFoundation.framework/Versions/A/CoreFoundation
0x000000000933a000 	/System/Library/Frameworks/Foundation.framework/Versions/C/Foundation
0x000000000933a000 	/System/Library/Frameworks/AppKit.framework/Versions/C/AppKit
0x000000000933a000 	/System/Library/Frameworks/CoreData.framework/Versions/A/CoreData
0x000000000933a000 	/System/Library/PrivateFrameworks/RemoteViewServices.framework/Versions/A/RemoteViewServices
0x000000000933a000 	/System/Library/PrivateFrameworks/UIFoundation.framework/Versions/A/UIFoundation
0x000000000933a000 	/System/Library/Frameworks/IOSurface.framework/Versions/A/IOSurface
0x000000000933a000 	/System/Library/Frameworks/AudioToolbox.framework/Versions/A/AudioToolbox
0x000000000933a000 	/System/Library/Frameworks/AudioUnit.framework/Versions/A/AudioUnit
0x000000000933a000 	/System/Library/PrivateFrameworks/DataDetectorsCore.framework/Versions/A/DataDetectorsCore
0x000000000933a000 	/System/Library/PrivateFrameworks/DesktopServicesPriv.framework/Versions/A/DesktopServicesPriv
0x000000000933a000 	/System/Library/Frameworks/Carbon.framework/Versions/A/Frameworks/HIToolbox.framework/Versions/A/HIToolbox
0x000000000933a000 	/System/Library/Frameworks/QuartzCore.framework/Versions/A/QuartzCore
0x000000000933a000 	/System/Library/Frameworks/Carbon.framework/Versions/A/Frameworks/SpeechRecognition.framework/Versions/A/SpeechRecognition
0x000000000933a000 	/usr/lib/libauto.dylib
0x000000000933a000 	/usr/lib/libicucore.A.dylib
0x000000000933a000 	/usr/lib/libxml2.2.dylib
0x000000000933a000 	/System/Library/PrivateFrameworks/CoreUI.framework/Versions/A/CoreUI
0x000000000933a000 	/System/Library/Frameworks/CoreAudio.framework/Versions/A/CoreAudio
0x000000000933a000 	/System/Library/Frameworks/DiskArbitration.framework/Versions/A/DiskArbitration
0x000000000933a000 	/usr/lib/liblangid.dylib
0x000000000933a000 	/System/Library/PrivateFrameworks/MultitouchSupport.framework/Versions/A/MultitouchSupport
0x000000000933a000 	/System/Library/Frameworks/IOKit.framework/Versions/A/IOKit
0x000000000933a000 	/usr/lib/libDiagnosticMessagesClient.dylib
0x000000000933a000 	/System/Library/Frameworks/CoreServices.framework/Versions/A/CoreServices
0x000000000933a000 	/System/Library/PrivateFrameworks/PerformanceAnalysis.framework/Versions/A/PerformanceAnalysis
0x000000000933a000 	/System/Library/PrivateFrameworks/GenerationalStorage.framework/Versions/A/GenerationalStorage
0x000000000933a000 	/System/Library/Frameworks/OpenGL.framework/Versions/A/OpenGL
0x000000000933a000 	/System/Library/PrivateFrameworks/Sharing.framework/Versions/A/Sharing
0x000000000933a000 	/System/Library/Frameworks/CoreGraphics.framework/Versions/A/CoreGraphics
0x000000000933a000 	/System/Library/Frameworks/CoreText.framework/Versions/A/CoreText
0x000000000933a000 	/System/Library/Frameworks/ImageIO.framework/Versions/A/ImageIO
0x000000000933a000 	/usr/lib/libextension.dylib
0x000000000933a000 	/System/Library/PrivateFrameworks/Backup.framework/Versions/A/Backup
0x000000000933a000 	/usr/lib/libarchive.2.dylib
0x000000000933a000 	/System/Library/Frameworks/CFNetwork.framework/Versions/A/CFNetwork
0x000000000933a000 	/System/Library/Frameworks/SystemConfiguration.framework/Versions/A/SystemConfiguration
0x000000000933a000 	/usr/lib/libCRFSuite.dylib
0x000000000933a000 	/usr/lib/libc++.1.dylib
0x000000000933a000 	/usr/lib/libc++abi.dylib
0x000000000933a000 	/usr/lib/system/libcache.dylib
0x000000000933a000 	/usr/lib/system/libcommonCrypto.dylib
0x000000000933a000 	/usr/lib/system/libcompiler_rt.dylib
0x000000000933a000 	/usr/lib/system/libcopyfile.dylib
0x000000000933a000 	/usr/lib/system/libcorecrypto.dylib
0x000000000933a000 	/usr/lib/system/libdispatch.dylib
0x000000000933a000 	/usr/lib/system/libdyld.dylib
0x000000000933a000 	/usr/lib/system/libkeymgr.dylib
0x000000000933a000 	/usr/lib/system/liblaunch.dylib
0x000000000933a000 	/usr/lib/system/libmacho.dylib
0x000000000933a000 	/usr/lib/system/libquarantine.dylib
0x000000000933a000 	/usr/lib/system/libremovefile.dylib
0x000000000933a000 	/usr/lib/system/libsystem_asl.dylib
0x000000000933a000 	/usr/lib/system/libsystem_blocks.dylib
0x000000000933a000 	/usr/lib/system/libsystem_c.dylib
0x000000000933a000 	/usr/lib/system/libsystem_configuration.dylib
0x000000000933a000 	/usr/lib/system/libsystem_coreservices.dylib
0x000000000933a000 	/usr/lib/system/libsystem_coretls.dylib
0x000000000933a000 	/usr/lib/system/libsystem_dnssd.dylib
0x000000000933a000 	/usr/lib/system/libsystem_info.dylib
0x000000000933a000 	/usr/lib/system/libsystem_kernel.dylib
0x000000000933a000 	/usr/lib/system/libsystem_m.dylib
0x000000000933a000 	/usr/lib/system/libsystem_malloc.dylib
0x000000000933a000 	/usr/lib/system/libsystem_network.dylib
0x000000000933a000 	/usr/lib/system/libsystem_networkextension.dylib
0x000000000933a000 	/usr/lib/system/libsystem_notify.dylib
0x000000000933a000 	/usr/lib/system/libsystem_platform.dylib
0x000000000933a000 	/usr/lib/system/libsystem_pthread.dylib
0x000000000933a000 	/usr/lib/system/libsystem_sandbox.dylib
0x000000000933a000 	/usr/lib/system/libsystem_secinit.dylib
0x000000000933a000 	/usr/lib/system/libsystem_stats.dylib
0x000000000933a000 	/usr/lib/system/libsystem_trace.dylib
0x000000000933a000 	/usr/lib/system/libunc.dylib
0x000000000933a000 	/usr/lib/system/libunwind.dylib
0x000000000933a000 	/usr/lib/system/libxpc.dylib
0x000000000933a000 	/usr/lib/libbz2.1.0.dylib
0x000000000933a000 	/usr/lib/liblzma.5.dylib
0x000000000933a000 	/usr/lib/libbsm.0.dylib
0x000000000933a000 	/usr/lib/libsqlite3.dylib
0x000000000933a000 	/usr/lib/system/libkxld.dylib
0x000000000933a000 	/usr/lib/libxar.1.dylib
0x000000000933a000 	/usr/lib/libpam.2.dylib
0x000000000933a000 	/usr/lib/libOpenScriptingUtil.dylib
0x000000000933a000 	/System/Library/Frameworks/CoreServices.framework/Versions/A/Frameworks/FSEvents.framework/Versions/A/FSEvents
0x000000000933a000 	/System/Library/Frameworks/CoreServices.framework/Versions/A/Frameworks/CarbonCore.framework/Versions/A/CarbonCore
0x000000000933a000 	/System/Library/Frameworks/CoreServices.framework/Versions/A/Frameworks/Metadata.framework/Versions/A/Metadata
0x000000000933a000 	/System/Library/Frameworks/CoreServices.framework/Versions/A/Frameworks/OSServices.framework/Versions/A/OSServices
0x000000000933a000 	/System/Library/Frameworks/CoreServices.framework/Versions/A/Frameworks/SearchKit.framework/Versions/A/SearchKit
0x000000000933a000 	/System/Library/Frameworks/CoreServices.framework/Versions/A/Frameworks/AE.framework/Versions/A/AE
0x000000000933a000 	/System/Library/Frameworks/CoreServices.framework/Versions/A/Frameworks/LaunchServices.framework/Versions/A/LaunchServices
0x000000000933a000 	/System/Library/Frameworks/CoreServices.framework/Versions/A/Frameworks/DictionaryServices.framework/Versions/A/DictionaryServices
0x000000000933a000 	/System/Library/Frameworks/NetFS.framework/Versions/A/NetFS
0x000000000933a000 	/System/Library/PrivateFrameworks/NetAuth.framework/Versions/A/NetAuth
0x000000000933a000 	/System/Library/PrivateFrameworks/login.framework/Versions/A/Frameworks/loginsupport.framework/Versions/A/loginsupport
0x000000000933a000 	/System/Library/PrivateFrameworks/TCC.framework/Versions/A/TCC
0x000000000933a000 	/usr/lib/libmecabra.dylib
0x000000000933a000 	/System/Library/PrivateFrameworks/LanguageModeling.framework/Versions/A/LanguageModeling
0x000000000933a000 	/usr/lib/libcmph.dylib
0x000000000933a000 	/usr/lib/libiconv.2.dylib
0x000000000933a000 	/System/Library/Frameworks/OpenDirectory.framework/Versions/A/Frameworks/CFOpenDirectory.framework/Versions/A/CFOpenDirectory
0x000000000933a000 	/System/Library/Frameworks/ServiceManagement.framework/Versions/A/ServiceManagement
0x000000000933a000 	/usr/lib/libxslt.1.dylib
0x000000000933a000 	/System/Library/Frameworks/Carbon.framework/Versions/A/Frameworks/Ink.framework/Versions/A/Ink
0x000000000933a000 	/System/Library/Frameworks/ApplicationServices.framework/Versions/A/Frameworks/ATS.framework/Versions/A/ATS
0x000000000933a000 	/System/Library/Frameworks/ApplicationServices.framework/Versions/A/Frameworks/ColorSync.framework/Versions/A/ColorSync
0x000000000933a000 	/System/Library/Frameworks/ApplicationServices.framework/Versions/A/Frameworks/HIServices.framework/Versions/A/HIServices
0x000000000933a000 	/System/Library/Frameworks/ApplicationServices.framework/Versions/A/Frameworks/LangAnalysis.framework/Versions/A/LangAnalysis
0x000000000933a000 	/System/Library/Frameworks/ApplicationServices.framework/Versions/A/Frameworks/PrintCore.framework/Versions/A/PrintCore
0x000000000933a000 	/System/Library/Frameworks/ApplicationServices.framework/Versions/A/Frameworks/QD.framework/Versions/A/QD
0x000000000933a000 	/System/Library/Frameworks/ApplicationServices.framework/Versions/A/Frameworks/SpeechSynthesis.framework/Versions/A/SpeechSynthesis
0x000000000933a000 	/System/Library/Frameworks/Accelerate.framework/Versions/A/Accelerate
0x000000000933a000 	/System/Library/Frameworks/Accelerate.framework/Versions/A/Frameworks/vImage.framework/Versions/A/vImage
0x000000000933a000 	/System/Library/Frameworks/Accelerate.framework/Versions/A/Frameworks/vecLib.framework/Versions/A/vecLib
0x000000000933a000 	/System/Library/Frameworks/Accelerate.framework/Versions/A/Frameworks/vecLib.framework/Versions/A/libvDSP.dylib
0x000000000933a000 	/System/Library/Frameworks/Accelerate.framework/Versions/A/Frameworks/vecLib.framework/Versions/A/libvMisc.dylib
0x000000000933a000 	/System/Library/Frameworks/Accelerate.framework/Versions/A/Frameworks/vecLib.framework/Versions/A/libLAPACK.dylib
0x000000000933a000 	/System/Library/Frameworks/Accelerate.framework/Versions/A/Frameworks/vecLib.framework/Versions/A/libBLAS.dylib
0x000000000933a000 	/System/Library/Frameworks/Accelerate.framework/Versions/A/Frameworks/vecLib.framework/Versions/A/libLinearAlgebra.dylib
0x000000000933a000 	/System/Library/Frameworks/ApplicationServices.framework/Versions/A/Frameworks/ATS.framework/Versions/A/Resources/libFontParser.dylib
0x000000000933a000 	/System/Library/Frameworks/ApplicationServices.framework/Versions/A/Frameworks/ATS.framework/Versions/A/Resources/libFontRegistry.dylib
0x000000000933a000 	/System/Library/PrivateFrameworks/AppleVPA.framework/Versions/A/AppleVPA
0x000000000933a000 	/System/Library/PrivateFrameworks/AppleJPEG.framework/Versions/A/AppleJPEG
0x000000000933a000 	/System/Library/Frameworks/ImageIO.framework/Versions/A/Resources/libJPEG.dylib
0x000000000933a000 	/System/Library/Frameworks/ImageIO.framework/Versions/A/Resources/libTIFF.dylib
0x000000000933a000 	/System/Library/Frameworks/ImageIO.framework/Versions/A/Resources/libPng.dylib
0x000000000933a000 	/System/Library/Frameworks/ImageIO.framework/Versions/A/Resources/libGIF.dylib
0x000000000933a000 	/System/Library/Frameworks/ImageIO.framework/Versions/A/Resources/libJP2.dylib
0x000000000933a000 	/System/Library/Frameworks/ImageIO.framework/Versions/A/Resources/libRadiance.dylib
0x000000000933a000 	/System/Library/Frameworks/CoreVideo.framework/Versions/A/CoreVideo
0x000000000933a000 	/System/Library/Frameworks/OpenGL.framework/Versions/A/Libraries/libGLU.dylib
0x000000000933a000 	/System/Library/Frameworks/OpenGL.framework/Versions/A/Libraries/libGFXShared.dylib
0x000000000933a000 	/System/Library/Frameworks/OpenGL.framework/Versions/A/Libraries/libGL.dylib
0x000000000933a000 	/System/Library/Frameworks/OpenGL.framework/Versions/A/Libraries/libGLImage.dylib
0x000000000933a000 	/System/Library/Frameworks/OpenGL.framework/Versions/A/Libraries/libCVMSPluginSupport.dylib
0x000000000933a000 	/System/Library/Frameworks/OpenGL.framework/Versions/A/Libraries/libCoreVMClient.dylib
0x000000000933a000 	/usr/lib/libcups.2.dylib
0x000000000933a000 	/System/Library/Frameworks/Kerberos.framework/Versions/A/Kerberos
0x000000000933a000 	/System/Library/Frameworks/GSS.framework/Versions/A/GSS
0x000000000933a000 	/usr/lib/libresolv.9.dylib
0x000000000933a000 	/System/Library/PrivateFrameworks/Heimdal.framework/Versions/A/Heimdal
0x000000000933a000 	/usr/lib/libheimdal-asn1.dylib
0x000000000933a000 	/System/Library/Frameworks/OpenDirectory.framework/Versions/A/OpenDirectory
0x000000000933a000 	/System/Library/PrivateFrameworks/CommonAuth.framework/Versions/A/CommonAuth
0x000000000933a000 	/System/Library/Frameworks/SecurityFoundation.framework/Versions/A/SecurityFoundation
0x000000000933a000 	/System/Library/Frameworks/QuartzCore.framework/Versions/A/Frameworks/CoreImage.framework/Versions/A/CoreImage
0x000000000933a000 	/System/Library/PrivateFrameworks/CrashReporterSupport.framework/Versions/A/CrashReporterSupport
0x000000000933a000 	/System/Library/Frameworks/OpenCL.framework/Versions/A/OpenCL
0x000000000933a000 	/System/Library/PrivateFrameworks/FaceCore.framework/Versions/A/FaceCore
0x000000000933a000 	/System/Library/PrivateFrameworks/Ubiquity.framework/Versions/A/Ubiquity
0x000000000933a000 	/System/Library/PrivateFrameworks/IconServices.framework/Versions/A/IconServices
0x000000000933a000 	/System/Library/PrivateFrameworks/ChunkingLibrary.framework/Versions/A/ChunkingLibrary
0x000000000933a000 	/System/Library/PrivateFrameworks/Apple80211.framework/Versions/A/Apple80211
0x000000000933a000 	/System/Library/Frameworks/CoreWLAN.framework/Versions/A/CoreWLAN
0x000000000933a000 	/System/Library/Frameworks/IOBluetooth.framework/Versions/A/IOBluetooth
0x000000000933a000 	/System/Library/PrivateFrameworks/CoreWiFi.framework/Versions/A/CoreWiFi
0x000000000933a000 	/System/Library/Frameworks/CoreBluetooth.framework/Versions/A/CoreBluetooth
0x000000000933a000 	/System/Library/PrivateFrameworks/DebugSymbols.framework/Versions/A/DebugSymbols
0x000000000933a000 	/System/Library/PrivateFrameworks/CoreSymbolication.framework/Versions/A/CoreSymbolication
0x000000000933a000 	/System/Library/PrivateFrameworks/Symbolication.framework/Versions/A/Symbolication
0x000000000933a000 	/System/Library/PrivateFrameworks/SpeechRecognitionCore.framework/Versions/A/SpeechRecognitionCore
0x000000010c811000 	/Library/Java/JavaVirtualMachines/jdk1.8.0_31.jdk/Contents/Home/jre/lib/server/libjvm.dylib
0x000000000933a000 	/usr/lib/libstdc++.6.dylib
0x000000010d84a000 	/Library/Java/JavaVirtualMachines/jdk1.8.0_31.jdk/Contents/Home/jre/lib/libverify.dylib
0x000000010d858000 	/Library/Java/JavaVirtualMachines/jdk1.8.0_31.jdk/Contents/Home/jre/lib/libjava.dylib
0x000000010d896000 	/Library/Java/JavaVirtualMachines/jdk1.8.0_31.jdk/Contents/Home/jre/lib/libzip.dylib
0x000000010d9ea000 	/System/Library/Frameworks/JavaVM.framework/Frameworks/JavaRuntimeSupport.framework/JavaRuntimeSupport
0x0000000124102000 	/System/Library/Frameworks/JavaVM.framework/Versions/A/Frameworks/JavaNativeFoundation.framework/Versions/A/JavaNativeFoundation
0x0000000124116000 	/System/Library/Frameworks/JavaVM.framework/Versions/A/JavaVM
0x000000000933a000 	/System/Library/Frameworks/Carbon.framework/Versions/A/Carbon
0x0000000124122000 	/System/Library/PrivateFrameworks/JavaLaunching.framework/Versions/A/JavaLaunching
0x000000000933a000 	/System/Library/Frameworks/Carbon.framework/Versions/A/Frameworks/CommonPanels.framework/Versions/A/CommonPanels
0x000000000933a000 	/System/Library/Frameworks/Carbon.framework/Versions/A/Frameworks/Help.framework/Versions/A/Help
0x000000000933a000 	/System/Library/Frameworks/Carbon.framework/Versions/A/Frameworks/ImageCapture.framework/Versions/A/ImageCapture
0x000000000933a000 	/System/Library/Frameworks/Carbon.framework/Versions/A/Frameworks/OpenScripting.framework/Versions/A/OpenScripting
0x000000000933a000 	/System/Library/Frameworks/Carbon.framework/Versions/A/Frameworks/Print.framework/Versions/A/Print
0x000000000933a000 	/System/Library/Frameworks/Carbon.framework/Versions/A/Frameworks/SecurityHI.framework/Versions/A/SecurityHI
0x00000001260d2000 	/Library/Java/JavaVirtualMachines/jdk1.8.0_31.jdk/Contents/Home/jre/lib/libprism_es2.dylib
0x000000000933a000 	/System/Library/Frameworks/OpenGL.framework/Versions/A/Resources/GLEngine.bundle/GLEngine
0x000000000933a000 	/System/Library/Frameworks/OpenGL.framework/Versions/A/Libraries/libGLProgrammability.dylib
0x0000000000000000 	/System/Library/Extensions/AppleIntelHD5000GraphicsGLDriver.bundle/Contents/MacOS/AppleIntelHD5000GraphicsGLDriver
0x000000000933a000 	/System/Library/PrivateFrameworks/IOAccelerator.framework/Versions/A/IOAccelerator
0x000000000933a000 	/System/Library/PrivateFrameworks/GPUSupport.framework/Versions/A/Libraries/libGPUSupportMercury.dylib
0x000000000933a000 	/System/Library/Frameworks/OpenGL.framework/Versions/A/Resources/GLRendererFloat.bundle/GLRendererFloat
0x000000000933a000 	/System/Library/Frameworks/OpenCL.framework/Versions/A/Libraries/libcldcpuengine.dylib
0x000000000933a000 	/System/Library/PrivateFrameworks/DiskImages.framework/Versions/A/DiskImages
0x000000000933a000 	/System/Library/Frameworks/DiscRecording.framework/Versions/A/DiscRecording
0x000000000933a000 	/usr/lib/libcsfde.dylib
0x000000000933a000 	/usr/lib/libcurl.4.dylib
0x000000000933a000 	/System/Library/PrivateFrameworks/MediaKit.framework/Versions/A/MediaKit
0x000000000933a000 	/System/Library/PrivateFrameworks/ProtectedCloudStorage.framework/Versions/A/ProtectedCloudStorage
0x000000000933a000 	/usr/lib/libCoreStorage.dylib
0x000000000933a000 	/System/Library/PrivateFrameworks/EFILogin.framework/Versions/A/EFILogin
0x000000000933a000 	/usr/lib/libutil.dylib
0x000000000933a000 	/System/Library/PrivateFrameworks/FindMyDevice.framework/Versions/A/FindMyDevice
0x000000000933a000 	/System/Library/Frameworks/LDAP.framework/Versions/A/LDAP
0x000000000933a000 	/usr/lib/libsasl2.2.dylib
0x000000000933a000 	/System/Library/PrivateFrameworks/CoreDaemon.framework/Versions/B/CoreDaemon
0x000000000933a000 	/usr/lib/libcrypto.0.9.8.dylib
0x000000000933a000 	/System/Library/PrivateFrameworks/AppleSRP.framework/Versions/A/AppleSRP
0x000000000933a000 	/System/Library/PrivateFrameworks/TrustEvaluationAgent.framework/Versions/A/TrustEvaluationAgent
0x000000012657f000 	/Library/Java/JavaVirtualMachines/jdk1.8.0_31.jdk/Contents/Home/jre/lib/libglass.dylib
0x000000000933a000 	/System/Library/PrivateFrameworks/CoreServicesInternal.framework/Versions/A/CoreServicesInternal
0x000000000933a000 	/System/Library/PrivateFrameworks/CloudDocs.framework/Versions/A/CloudDocs
0x000000000933a000 	/System/Library/PrivateFrameworks/CoreDuet.framework/Versions/A/CoreDuet
0x000000000933a000 	/System/Library/Frameworks/CloudKit.framework/Versions/A/CloudKit
0x000000000933a000 	/System/Library/PrivateFrameworks/ProtocolBuffer.framework/Versions/A/ProtocolBuffer
0x000000000933a000 	/System/Library/PrivateFrameworks/CoreDuetDaemonProtocol.framework/Versions/A/CoreDuetDaemonProtocol
0x000000000933a000 	/System/Library/PrivateFrameworks/CoreDuetDebugLogging.framework/Versions/A/CoreDuetDebugLogging
0x000000000933a000 	/System/Library/Frameworks/CoreLocation.framework/Versions/A/CoreLocation
0x000000000933a000 	/System/Library/Frameworks/Accounts.framework/Versions/A/Accounts
0x000000000933a000 	/System/Library/PrivateFrameworks/ApplePushService.framework/Versions/A/ApplePushService
0x000000000933a000 	/System/Library/PrivateFrameworks/GeoServices.framework/Versions/A/GeoServices
0x000000000933a000 	/System/Library/PrivateFrameworks/OAuth.framework/Versions/A/OAuth
0x000000000933a000 	/System/Library/Frameworks/CoreGraphics.framework/Versions/A/Resources/libCGCMS.A.dylib
0x000000000933a000 	/System/Library/CoreServices/RawCamera.bundle/Contents/MacOS/RawCamera
0x000000000933a000 	/System/Library/Frameworks/CoreGraphics.framework/Versions/A/Resources/libRIP.A.dylib
0x000000000933a000 	/System/Library/PrivateFrameworks/FamilyControls.framework/Versions/A/FamilyControls
0x000000000933a000 	/System/Library/PrivateFrameworks/CommerceKit.framework/Versions/A/Frameworks/CommerceCore.framework/Versions/A/CommerceCore
0x000000000933a000 	/System/Library/PrivateFrameworks/SystemAdministration.framework/Versions/A/SystemAdministration
0x000000000933a000 	/System/Library/PrivateFrameworks/AppContainer.framework/Versions/A/AppContainer
0x000000000933a000 	/System/Library/PrivateFrameworks/SecCodeWrapper.framework/Versions/A/SecCodeWrapper
0x000000000933a000 	/System/Library/Frameworks/DirectoryService.framework/Versions/A/DirectoryService
0x000000000933a000 	/System/Library/PrivateFrameworks/LoginUIKit.framework/Versions/A/Frameworks/LoginUICore.framework/Versions/A/LoginUICore
0x000000000933a000 	/usr/lib/libodfde.dylib

VM Arguments:
jvm_args: -Dfile.encoding=UTF-8 
java_command: /Users/Ben/NetBeansProjects/OnderzoeksOpdracht/dist/run1610193261/OnderzoeksOpdracht.jar
java_class_path (initial): /Users/Ben/NetBeansProjects/OnderzoeksOpdracht/dist/run1610193261/OnderzoeksOpdracht.jar
Launcher Type: SUN_STANDARD

Environment Variables:
PATH=/usr/bin:/bin:/usr/sbin:/sbin
LD_LIBRARY_PATH=/Library/Java/JavaVirtualMachines/jdk1.8.0_31.jdk/Contents/Home/jre/lib/amd64:/Library/Java/JavaVirtualMachines/jdk1.8.0_31.jdk/Contents/Home/jre/lib/i386:
SHELL=/bin/bash
DYLD_LIBRARY_PATH=/Applications/NetBeans/NetBeans 8.0.2.app/Contents/Resources/NetBeans/webcommon/bin:

Signal Handlers:
SIGSEGV: [libjvm.dylib+0x57a0e7], sa_mask[0]=11111111011111110111111111111111, sa_flags=SA_ONSTACK|SA_RESTART|SA_SIGINFO
SIGBUS: [libjvm.dylib+0x57a0e7], sa_mask[0]=11111111011111110111111111111111, sa_flags=SA_RESTART|SA_SIGINFO
SIGFPE: [libjvm.dylib+0x45af24], sa_mask[0]=11111111011111110111111111111111, sa_flags=SA_RESTART|SA_SIGINFO
SIGPIPE: [libjvm.dylib+0x45af24], sa_mask[0]=11111111011111110111111111111111, sa_flags=SA_RESTART|SA_SIGINFO
SIGXFSZ: [libjvm.dylib+0x45af24], sa_mask[0]=11111111011111110111111111111111, sa_flags=SA_RESTART|SA_SIGINFO
SIGILL: [libjvm.dylib+0x45af24], sa_mask[0]=11111111011111110111111111111111, sa_flags=SA_RESTART|SA_SIGINFO
SIGUSR1: SIG_DFL, sa_mask[0]=00000000000000000000000000000000, sa_flags=none
SIGUSR2: [libjvm.dylib+0x45aa42], sa_mask[0]=00100000000000000000000000000000, sa_flags=SA_RESTART|SA_SIGINFO
SIGHUP: [libjvm.dylib+0x459015], sa_mask[0]=11111111011111110111111111111111, sa_flags=SA_RESTART|SA_SIGINFO
SIGINT: SIG_IGN, sa_mask[0]=00000000000000000000000000000000, sa_flags=none
SIGTERM: [libjvm.dylib+0x459015], sa_mask[0]=11111111011111110111111111111111, sa_flags=SA_RESTART|SA_SIGINFO
SIGQUIT: [libjvm.dylib+0x459015], sa_mask[0]=11111111011111110111111111111111, sa_flags=SA_RESTART|SA_SIGINFO


---------------  S Y S T E M  ---------------

OS:Bsduname:Darwin 14.0.0 Darwin Kernel Version 14.0.0: Fri Sep 19 00:26:44 PDT 2014; root:xnu-2782.1.97~2/RELEASE_X86_64 x86_64
rlimit: STACK 8192k, CORE 0k, NPROC 709, NOFILE 10240, AS infinity
load average:1.89 1.75 1.70

CPU:total 4 (2 cores per cpu, 2 threads per core) family 6 model 69 stepping 1, cmov, cx8, fxsr, mmx, sse, sse2, sse3, ssse3, sse4.1, sse4.2, popcnt, avx, avx2, aes, clmul, erms, lzcnt, ht, tsc, tscinvbit, bmi1, bmi2

Memory: 4k page, physical 8388608k(1123904k free)

/proc/meminfo:


vm_info: Java HotSpot(TM) 64-Bit Server VM (25.31-b07) for bsd-amd64 JRE (1.8.0_31-b13), built on Dec 17 2014 20:45:36 by "java_re" with gcc 4.2.1 (Based on Apple Inc. build 5658) (LLVM build 2336.11.00)

time: Wed Mar 11 15:42:44 2015
elapsed time: 0 seconds (0d 0h 0m 0s)

